<?xml version="1.0" encoding="UTF-8"?>
<!-- Generated by org.testng.reporters.JUnitXMLReporter -->
<testsuite hostname="LAPTOP-DKQLN0NJ" ignored="0" name="Main Test Group" tests="3" failures="0" timestamp="30 Apr 2017 05:17:31 GMT" time="22.252" errors="0">
  <testcase name="testDataBinding" time="7.303" classname="dataBinding.DataBindingExampleTest"/>
  <testcase name="testDataBindingXml" time="7.217" classname="dataBinding.DataBindingExampleTest"/>
  <testcase name="testDataBindingXml" time="7.478" classname="dataBinding.DataBindingExampleTest"/>
</testsuite> <!-- Main Test Group -->
