<?xml version="1.0" encoding="UTF-8"?>
<testng-results skipped="0" failed="0" ignored="0" total="3" passed="3">
  <reporter-output>
  </reporter-output>
  <suite name="try" duration-ms="22252" started-at="2017-04-30T05:17:09Z" finished-at="2017-04-30T05:17:31Z">
    <groups>
    </groups>
    <test name="Main Test Group" duration-ms="22252" started-at="2017-04-30T05:17:09Z" finished-at="2017-04-30T05:17:31Z">
      <class name="dataBinding.DataBindingExampleTest">
        <test-method status="PASS" signature="testDataBinding(java.lang.String)[pri:0, instance:dataBinding.DataBindingExampleTest@7a0ac6e3]" name="testDataBinding" duration-ms="7303" started-at="2017-04-30T00:17:09Z" finished-at="2017-04-30T00:17:17Z">
          <params>
            <param index="0">
              <value>
                <![CDATA[karthikeyan]]>
              </value>
            </param>
          </params>
          <reporter-output>
          </reporter-output>
        </test-method> <!-- testDataBinding -->
        <test-method status="PASS" signature="testDataBindingXml(java.lang.String)[pri:0, instance:dataBinding.DataBindingExampleTest@7a0ac6e3]" name="testDataBindingXml" duration-ms="7217" started-at="2017-04-30T00:17:17Z" finished-at="2017-04-30T00:17:24Z">
          <params>
            <param index="0">
              <value>
                <![CDATA[karthi]]>
              </value>
            </param>
          </params>
          <reporter-output>
          </reporter-output>
        </test-method> <!-- testDataBindingXml -->
        <test-method status="PASS" signature="testDataBindingXml(java.lang.String)[pri:0, instance:dataBinding.DataBindingExampleTest@7a0ac6e3]" name="testDataBindingXml" duration-ms="7478" started-at="2017-04-30T00:17:24Z" finished-at="2017-04-30T00:17:31Z">
          <params>
            <param index="0">
              <value>
                <![CDATA[karthiII]]>
              </value>
            </param>
          </params>
          <reporter-output>
          </reporter-output>
        </test-method> <!-- testDataBindingXml -->
      </class> <!-- dataBinding.DataBindingExampleTest -->
    </test> <!-- Main Test Group -->
  </suite> <!-- try -->
</testng-results>
